build/app/outputs/mapping/release/seeds.txt
com.achdut.app.MainActivity
com.achdut.app.MainActivity: MainActivity()
...
com.google.android.gms.internal.firebase-auth-api.zzakm: com.google.android.gms.internal.firebase-auth-api.zzakm zzj()
com.google.android.gms.internal.auth.zzdi: int hashCode()
com.google.firebase.firestore.LoadBundleTaskProgress$TaskState: com.google.firebase.firestore.LoadBundleTaskProgress$TaskState valueOf(java.lang.String)
androidx.fragment.app.SpecialEffectsController$Operation$LifecycleImpact: androidx.fragment.app.SpecialEffectsController$Operation$LifecycleImpact[] values()
com.google.android.gms.internal.firebase-auth-api.zzhl: zzhl(byte[])
com.google.android.gms.internal.fido.zzat: boolean equals(java.lang.Object)
com.google.android.gms.internal.firebase-auth-api.zzkk: java.lang.Class zza()
com.google.android.recaptcha.internal.zzu: java.lang.Object invokeSuspend(java.lang.Object)
com.google.android.gms.internal.firebase-auth-api.zzou: zzou(java.lang.Class,java.lang.Class,com.google.android.gms.internal.firebase-auth-api.zzoz)
com.google.android.recaptcha.internal.zzfc: zzfc()
com.google.android.gms.internal.firebase-auth-api.zzajo$zzb: void zzb(byte)
com.google.android.gms.internal.auth-api.zbc: android.os.Parcelable zba(android.os.Parcel,android.os.Parcelable$Creator)
com.google.android.gms.internal.firebase-auth-api.zzvs$zza: com.google.android.gms.internal.firebase-auth-api.zzvs$zza zza(com.google.android.gms.internal.firebase-auth-api.zzvm)
com.google.android.recaptcha.internal.zzti: void zzk(com.google.android.recaptcha.internal.zzti,int)
com.google.android.gms.internal.firebase-auth-api.zzvh: com.google.android.gms.internal.firebase-auth-api.zzvh zzd()
com.google.android.gms.internal.firebase-auth-api.zzpi: com.google.android.gms.internal.firebase-auth-api.zzwc zzb()
com.google.android.recaptcha.internal.zzue: float zzg()
com.google.android.gms.internal.fido.zzbg: java.lang.Object higherKey(java.lang.Object)
io.flutter.plugin.platform.PlatformViewWrapper: void setTouchProcessor(io.flutter.embedding.android.AndroidTouchProcessor)
com.google.android.gms.internal.firebase-auth-api.zzuz: zzuz()
com.google.android.gms.internal.auth.zzbb: zzbb(int,java.lang.String,android.app.PendingIntent)
com.google.android.gms.internal.firebase-auth-api.zzwi$zza: zzwi$zza()
com.google.android.gms.internal.firebase-auth-api.zzcu: java.lang.Class zza()
com.google.android.recaptcha.internal.zzkd: java.lang.String toString()
com.google.android.gms.internal.firebase-auth-api.zzmi$zza: com.google.android.gms.internal.firebase-auth-api.zzbx zzb(com.google.android.gms.internal.firebase-auth-api.zzmi$zza)
com.google.android.gms.internal.firebase-auth-api.zzql$zza: com.google.android.gms.internal.firebase-auth-api.zzql$zza zza(java.lang.Integer)
com.google.android.gms.internal.auth.zzek: java.lang.String zzf(int)
com.google.android.gms.internal.stats.zzi: zzi()
com.google.android.gms.internal.firebase-auth-api.zzajy: java.lang.Object clone()
com.google.android.recaptcha.internal.zzli: int zzk()
com.google.android.recaptcha.internal.zzol: float zzo(java.lang.Object,long)
com.google.android.gms.internal.firebase-auth-api.zzahi: com.google.android.gms.internal.firebase-auth-api.zzahi zzb(java.lang.String)
com.google.android.recaptcha.internal.zzqk: com.google.android.recaptcha.internal.zzqh zzf()
com.google.android.recaptcha.internal.zzrv: com.google.android.recaptcha.internal.zzrt zzf()
com.google.android.gms.internal.auth.zzdf: boolean zzb()
androidx.appcompat.widget.ListPopupWindow$Api24Impl: int getMaxAvailableHeight(android.widget.PopupWindow,android.view.View,int,boolean)
com.google.android.gms.internal.auth.zzdn: java.lang.String toString()
com.google.android.gms.internal.firebase-auth-api.zztn$zza: com.google.android.gms.internal.firebase-auth-api.zztn$zza zza(com.google.android.gms.internal.firebase-auth-api.zzaiw)
com.google.android.gms.internal.auth.zzbr: zzbr(com.google.android.gms.internal.auth.zzbs)
com.google.android.recaptcha.internal.zzpr: float zzb(java.lang.Object,long)